<?xml version="1.0" encoding="utf-8"?><testsuites name="pytest tests"><testsuite name="pytest" errors="0" failures="0" skipped="0" tests="21" time="7.188" timestamp="2026-04-19T05:30:00.070753+00:00" hostname="agent-env-fb123c27-9f11-4816-8a4f-5940b1d58070"><testcase classname="tests.test_analysis.TestAnalysis" name="test_analyze_with_image" time="0.548" /><testcase classname="tests.test_analysis.TestAnalysis" name="test_analyze_without_auth" time="0.141" /><testcase classname="tests.test_analysis.TestAnalysis" name="test_interpret_with_valid_data" time="0.618" /><testcase classname="tests.test_analysis.TestAnalysis" name="test_interpret_without_auth" time="0.144" /><testcase classname="tests.test_auth.TestAuth" name="test_register_new_user" time="0.375" /><testcase classname="tests.test_auth.TestAuth" name="test_register_duplicate_email" time="0.403" /><testcase classname="tests.test_auth.TestAuth" name="test_login_success" time="0.325" /><testcase classname="tests.test_auth.TestAuth" name="test_login_wrong_password" time="0.402" /><testcase classname="tests.test_auth.TestAuth" name="test_login_nonexistent_user" time="0.113" /><testcase classname="tests.test_auth.TestAuth" name="test_me_with_token" time="0.379" /><testcase classname="tests.test_auth.TestAuth" name="test_me_without_token" time="0.106" /><testcase classname="tests.test_auth.TestAuth" name="test_me_with_invalid_token" time="0.107" /><testcase classname="tests.test_health.TestHealth" name="test_root_endpoint" time="0.098" /><testcase classname="tests.test_meta.TestMeta" name="test_get_antibiotics" time="0.107" /><testcase classname="tests.test_meta.TestMeta" name="test_get_sample_types" time="0.112" /><testcase classname="tests.test_scans.TestScans" name="test_create_scan" time="0.376" /><testcase classname="tests.test_scans.TestScans" name="test_list_scans" time="0.451" /><testcase classname="tests.test_scans.TestScans" name="test_get_scan_by_id" time="0.440" /><testcase classname="tests.test_scans.TestScans" name="test_delete_scan" time="0.483" /><testcase classname="tests.test_scans.TestScans" name="test_clear_all_scans" time="0.596" /><testcase classname="tests.test_scans.TestScans" name="test_user_isolation" time="0.788" /></testsuite></testsuites>